Swarm listening on /ip4/10.1.152.106/tcp/4002/p2p/QmeRzq3P2r8Rzhj92QLgcwVQYaMRvH7EsQmkaqsFef33fc
Swarm listening on /ip4/127.0.0.1/tcp/4002/p2p/QmeRzq3P2r8Rzhj92QLgcwVQYaMRvH7EsQmkaqsFef33fc
Swarm listening on /ip4/127.0.0.1/tcp/4003/ws/p2p/QmeRzq3P2r8Rzhj92QLgcwVQYaMRvH7EsQmkaqsFef33fc

TIMING FOR INIT

Execution time: 5012
Execution time (sec): 5 11.1333
NODE CREATED

TIMING FOR ADDFILE FUNCTION

Execution time: 127
Execution time (sec): 0 126.8209
ADDED
{
  path: 'hello.txt',
  cid: CID(QmXgZAUWd8yo4tvjBETqzUy3wLx5YRzuDwUQnBwRGrAmAo),
  size: 23,
  mode: 420,
  mtime: undefined
}
CAT FUNCTION CALLED
QmXgZAUWd8yo4tvjBETqzUy3wLx5YRzuDwUQnBwRGrAmAo
Added file contents:

TIMING FOR CAT FUNCTION

Execution time: 163
Execution time (sec): 0 163.246701
FILE CONTENTS
Hello World 101
Stopped
